build/app/intermediates/manifest_merge_blame_file/release/manifest-merger-blame-release-report.txt
1<?xml version="1.0" encoding="utf-8"?>
2<manifest xmlns:android="http://schemas.android.com/apk/res/android"
3    package="com.aikampo.app"
4    android:versionCode="1"
5    android:versionName="1.0.0" >
6
7    <uses-sdk
8        android:minSdkVersion="20"
8-->src\main\AndroidManifest.xml
9        android:targetSdkVersion="31" />
9-->src\main\AndroidManifest.xml
10
11    <uses-permission android:name="android.permission.INTERNET" />
11-->src\main\AndroidManifest.xml:38:5-67
11-->src\main\AndroidManifest.xml:38:22-64
12    <uses-permission android:name="android.permission.ACCESS_FINE_LOCATION" />
12-->src\main\AndroidManifest.xml:40:5-79
12-->src\main\AndroidManifest.xml:40:22-76
13    <uses-permission android:name="android.permission.ACCESS_COARSE_LOCATION" />
13-->src\main\AndroidManifest.xml:41:5-81
13-->src\main\AndroidManifest.xml:41:22-78
14    <uses-permission
14-->src\main\AndroidManifest.xml:42:5-68
15        android:name="android.permission.BLUETOOTH"
15-->src\main\AndroidManifest.xml:42:22-65
16        android:maxSdkVersion="30" />
16-->[:flutter_blue_plus] AndroidManifest.xml:25:9-35
17    <uses-permission
17-->src\main\AndroidManifest.xml:43:5-74
18        android:name="android.permission.BLUETOOTH_ADMIN"
18-->src\main\AndroidManifest.xml:43:22-71
19        android:maxSdkVersion="30" />
19-->[:flutter_blue_plus] AndroidManifest.xml:28:9-35
20    <uses-permission android:name="android.permission.ACCESS_COARSE_LOCATION" />
20-->src\main\AndroidManifest.xml:41:5-81
20-->src\main\AndroidManifest.xml:41:22-78
21    <!--
22         New Bluetooth permissions in Android 12
23           https://developer.android.com/about/versions/12/features/bluetooth-permissions
24    -->
25    <!--
26         Include "neverForLocation" only if you can strongly assert that
27           your app never derives physical location from Bluetooth scan results.
28    -->
29    <uses-permission
29-->[:flutter_blue_plus] AndroidManifest.xml:17:5-19:58
30        android:name="android.permission.BLUETOOTH_SCAN"
30-->[:flutter_blue_plus] AndroidManifest.xml:18:9-57
31        android:usesPermissionFlags="neverForLocation" />
31-->[:flutter_blue_plus] AndroidManifest.xml:19:9-55
32    <uses-permission android:name="android.permission.BLUETOOTH_CONNECT" /> <!-- Although the *SdkVersion is captured in gradle build files, this is required for non gradle builds -->
32-->[:flutter_blue_plus] AndroidManifest.xml:20:5-76
32-->[:flutter_blue_plus] AndroidManifest.xml:20:22-73
33    <!-- <uses-sdk android:minSdkVersion="14" /> -->
34    <uses-permission android:name="android.permission.ACCESS_NETWORK_STATE" />
34-->[com.google.firebase:firebase-firestore:24.4.0] AndroidManifest.xml:12:5-79
34-->[com.google.firebase:firebase-firestore:24.4.0] AndroidManifest.xml:12:22-76
35
36    <uses-feature
36-->[com.google.android.gms:play-services-maps:18.1.0] AndroidManifest.xml:26:5-28:35
37        android:glEsVersion="0x00020000"
37-->[com.google.android.gms:play-services-maps:18.1.0] AndroidManifest.xml:27:9-41
38        android:required="true" />
38-->[com.google.android.gms:play-services-maps:18.1.0] AndroidManifest.xml:28:9-32
39
40    <queries>
40-->[com.google.android.gms:play-services-maps:18.1.0] AndroidManifest.xml:30:5-34:15
41
42        <!-- Needs to be explicitly declared on Android R+ -->
43        <package android:name="com.google.android.apps.maps" />
43-->[com.google.android.gms:play-services-maps:18.1.0] AndroidManifest.xml:33:9-64
43-->[com.google.android.gms:play-services-maps:18.1.0] AndroidManifest.xml:33:18-61
44    </queries>
45
46    <application
47        android:name="io.flutter.app.FlutterMultiDexApplication"
47-->src\main\AndroidManifest.xml:5:9-42
48        android:appComponentFactory="androidx.core.app.CoreComponentFactory"
48-->[androidx.core:core:1.8.0] AndroidManifest.xml:24:18-86
49        android:icon="@mipmap/ic_launcher"
49-->src\main\AndroidManifest.xml:6:9-43
50        android:label="ai_kampo_app"
50-->src\main\AndroidManifest.xml:4:9-37
51        android:requestLegacyExternalStorage="true" >
51-->src\main\AndroidManifest.xml:7:8-51
52        <meta-data
52-->src\main\AndroidManifest.xml:8:8-9:69
53            android:name="com.google.android.geo.API_KEY"
53-->src\main\AndroidManifest.xml:8:19-64
54            android:value="AIzaSyBgi4I36J76v8ZRwXEDjj8r5Zz7Lzdoagw" />
54-->src\main\AndroidManifest.xml:9:12-67
55
56        <activity
56-->src\main\AndroidManifest.xml:10:9-31:20
57            android:name="com.aikampo.app.MainActivity"
57-->src\main\AndroidManifest.xml:11:13-41
58            android:configChanges="orientation|keyboardHidden|keyboard|screenSize|smallestScreenSize|locale|layoutDirection|fontScale|screenLayout|density|uiMode"
58-->src\main\AndroidManifest.xml:15:13-163
59            android:exported="true"
59-->src\main\AndroidManifest.xml:12:13-36
60            android:hardwareAccelerated="true"
60-->src\main\AndroidManifest.xml:16:13-47
61            android:launchMode="singleTop"
61-->src\main\AndroidManifest.xml:13:13-43
62            android:theme="@style/LaunchTheme"
62-->src\main\AndroidManifest.xml:14:13-47
63            android:windowSoftInputMode="adjustResize" >
63-->src\main\AndroidManifest.xml:17:13-55
64
65            <!--
66                 Specifies an Android theme to apply to this Activity as soon as
67                 the Android process has started. This theme is visible to the user
68                 while the Flutter UI initializes. After that, this theme continues
69                 to determine the Window background behind the Flutter UI.
70            -->
71            <meta-data
71-->src\main\AndroidManifest.xml:22:13-25:17
72                android:name="io.flutter.embedding.android.NormalTheme"
72-->src\main\AndroidManifest.xml:23:15-70
73                android:resource="@style/NormalTheme" />
73-->src\main\AndroidManifest.xml:24:15-52
74
75            <intent-filter>
75-->src\main\AndroidManifest.xml:27:13-30:29
76                <action android:name="android.intent.action.MAIN" />
76-->src\main\AndroidManifest.xml:28:17-68
76-->src\main\AndroidManifest.xml:28:25-66
77
78                <category android:name="android.intent.category.LAUNCHER" />
78-->src\main\AndroidManifest.xml:29:17-76
78-->src\main\AndroidManifest.xml:29:27-74
79            </intent-filter>
80        </activity>
81        <!--
82             Don't delete the meta-data below.
83             This is used by the Flutter tool to generate GeneratedPluginRegistrant.java
84        -->
85        <meta-data
85-->src\main\AndroidManifest.xml:34:9-36:33
86            android:name="flutterEmbedding"
86-->src\main\AndroidManifest.xml:35:13-44
87            android:value="2" />
87-->src\main\AndroidManifest.xml:36:13-30
88
89        <service
89-->[:firebase_storage] AndroidManifest.xml:10:9-14:19
90            android:name="com.google.firebase.components.ComponentDiscoveryService"
90-->[:firebase_storage] AndroidManifest.xml:10:18-89
91            android:directBootAware="true"
91-->[com.google.firebase:firebase-common:20.2.0] AndroidManifest.xml:34:13-43
92            android:exported="false" >
92-->[com.google.firebase:firebase-firestore:24.4.0] AndroidManifest.xml:18:13-37
93            <meta-data
93-->[:firebase_storage] AndroidManifest.xml:11:13-13:85
94                android:name="com.google.firebase.components:io.flutter.plugins.firebase.storage.FlutterFirebaseAppRegistrar"
94-->[:firebase_storage] AndroidManifest.xml:12:17-126
95                android:value="com.google.firebase.components.ComponentRegistrar" />
95-->[:firebase_storage] AndroidManifest.xml:13:17-82
96            <meta-data
96-->[:cloud_firestore] AndroidManifest.xml:11:13-13:85
97                android:name="com.google.firebase.components:io.flutter.plugins.firebase.firestore.FlutterFirebaseFirestoreRegistrar"
97-->[:cloud_firestore] AndroidManifest.xml:12:17-134
98                android:value="com.google.firebase.components.ComponentRegistrar" />
98-->[:cloud_firestore] AndroidManifest.xml:13:17-82
99            <meta-data
99-->[:firebase_core] AndroidManifest.xml:11:13-13:85
100                android:name="com.google.firebase.components:io.flutter.plugins.firebase.core.FlutterFirebaseCoreRegistrar"
100-->[:firebase_core] AndroidManifest.xml:12:17-124
101                android:value="com.google.firebase.components.ComponentRegistrar" />
101-->[:firebase_core] AndroidManifest.xml:13:17-82
102            <meta-data
102-->[com.google.firebase:firebase-firestore:24.4.0] AndroidManifest.xml:19:13-21:85
103                android:name="com.google.firebase.components:com.google.firebase.firestore.FirestoreRegistrar"
103-->[com.google.firebase:firebase-firestore:24.4.0] AndroidManifest.xml:20:17-111
104                android:value="com.google.firebase.components.ComponentRegistrar" />
104-->[com.google.firebase:firebase-firestore:24.4.0] AndroidManifest.xml:21:17-82
105            <meta-data
105-->[com.google.firebase:firebase-storage:20.1.0] AndroidManifest.xml:32:13-34:85
106                android:name="com.google.firebase.components:com.google.firebase.storage.StorageRegistrar"
106-->[com.google.firebase:firebase-storage:20.1.0] AndroidManifest.xml:33:17-107
107                android:value="com.google.firebase.components.ComponentRegistrar" />
107-->[com.google.firebase:firebase-storage:20.1.0] AndroidManifest.xml:34:17-82
108        </service>
109
110        <provider
110-->[:image_picker_android] AndroidManifest.xml:10:9-18:20
111            android:name="io.flutter.plugins.imagepicker.ImagePickerFileProvider"
111-->[:image_picker_android] AndroidManifest.xml:11:13-82
112            android:authorities="com.aikampo.app.flutter.image_provider"
112-->[:image_picker_android] AndroidManifest.xml:12:13-74
113            android:exported="false"
113-->[:image_picker_android] AndroidManifest.xml:13:13-37
114            android:grantUriPermissions="true" >
114-->[:image_picker_android] AndroidManifest.xml:14:13-47
115            <meta-data
115-->[:image_picker_android] AndroidManifest.xml:15:13-17:75
116                android:name="android.support.FILE_PROVIDER_PATHS"
116-->[:image_picker_android] AndroidManifest.xml:16:17-67
117                android:resource="@xml/flutter_image_picker_file_paths" />
117-->[:image_picker_android] AndroidManifest.xml:17:17-72
118        </provider>
119
120        <uses-library
120-->[androidx.window:window:1.0.0-beta04] AndroidManifest.xml:25:9-27:40
121            android:name="androidx.window.extensions"
121-->[androidx.window:window:1.0.0-beta04] AndroidManifest.xml:26:13-54
122            android:required="false" />
122-->[androidx.window:window:1.0.0-beta04] AndroidManifest.xml:27:13-37
123        <uses-library
123-->[androidx.window:window:1.0.0-beta04] AndroidManifest.xml:28:9-30:40
124            android:name="androidx.window.sidecar"
124-->[androidx.window:window:1.0.0-beta04] AndroidManifest.xml:29:13-51
125            android:required="false" />
125-->[androidx.window:window:1.0.0-beta04] AndroidManifest.xml:30:13-37
126
127        <provider
127-->[com.google.firebase:firebase-common:20.2.0] AndroidManifest.xml:25:9-30:39
128            android:name="com.google.firebase.provider.FirebaseInitProvider"
128-->[com.google.firebase:firebase-common:20.2.0] AndroidManifest.xml:26:13-77
129            android:authorities="com.aikampo.app.firebaseinitprovider"
129-->[com.google.firebase:firebase-common:20.2.0] AndroidManifest.xml:27:13-72
130            android:directBootAware="true"
130-->[com.google.firebase:firebase-common:20.2.0] AndroidManifest.xml:28:13-43
131            android:exported="false"
131-->[com.google.firebase:firebase-common:20.2.0] AndroidManifest.xml:29:13-37
132            android:initOrder="100" /> <!-- Needs to be explicitly declared on P+ -->
132-->[com.google.firebase:firebase-common:20.2.0] AndroidManifest.xml:30:13-36
133        <uses-library
133-->[com.google.android.gms:play-services-maps:18.1.0] AndroidManifest.xml:39:9-41:40
134            android:name="org.apache.http.legacy"
134-->[com.google.android.gms:play-services-maps:18.1.0] AndroidManifest.xml:40:13-50
135            android:required="false" />
135-->[com.google.android.gms:play-services-maps:18.1.0] AndroidManifest.xml:41:13-37
136
137        <activity
137-->[com.google.android.gms:play-services-base:18.0.1] AndroidManifest.xml:20:9-22:45
138            android:name="com.google.android.gms.common.api.GoogleApiActivity"
138-->[com.google.android.gms:play-services-base:18.0.1] AndroidManifest.xml:20:19-85
139            android:exported="false"
139-->[com.google.android.gms:play-services-base:18.0.1] AndroidManifest.xml:22:19-43
140            android:theme="@android:style/Theme.Translucent.NoTitleBar" />
140-->[com.google.android.gms:play-services-base:18.0.1] AndroidManifest.xml:21:19-78
141
142        <meta-data
142-->[com.google.android.gms:play-services-basement:18.1.0] AndroidManifest.xml:21:9-23:69
143            android:name="com.google.android.gms.version"
143-->[com.google.android.gms:play-services-basement:18.1.0] AndroidManifest.xml:22:13-58
144            android:value="@integer/google_play_services_version" />
144-->[com.google.android.gms:play-services-basement:18.1.0] AndroidManifest.xml:23:13-66
145    </application>
146
147</manifest>